<?xml version="1.0" encoding="UTF-8"?>
<!-- Generated by org.testng.reporters.JUnitXMLReporter -->
<testsuite ignored="0" hostname="MSI" failures="2" tests="2" name="Surefire test" time="13.316" errors="0" timestamp="2026-05-10T18:04:23 GMT+08:00">
  <testcase classname="com.example.tests.BaiduSearchTest" name="testSearchBasic" time="4.469">
    <failure type="java.lang.AssertionError" message="标题应包含搜索词，实际: 百度安全验证 expected [true] but found [false]">
      <![CDATA[java.lang.AssertionError: 标题应包含搜索词，实际: 百度安全验证 expected [true] but found [false]
at com.example.tests.BaiduSearchTest.testSearchBasic(BaiduSearchTest.java:30)
at java.base/java.util.ArrayList.forEach(ArrayList.java:1511)
... Removed 35 stack frames]]>
    </failure>
  </testcase> <!-- testSearchBasic -->
  <testcase classname="com.example.tests.BaiduSearchTest" name="testSearchWithBroken" time="2.534">
    <failure type="java.lang.AssertionError" message="expected [true] but found [false]">
      <![CDATA[java.lang.AssertionError: expected [true] but found [false]
at com.example.tests.BaiduSearchTest.testSearchWithBroken(BaiduSearchTest.java:49)
at java.base/java.util.ArrayList.forEach(ArrayList.java:1511)
... Removed 36 stack frames]]>
    </failure>
  </testcase> <!-- testSearchWithBroken -->
</testsuite> <!-- Surefire test -->
